c:\users\student\desktop\alexandrescu dragos\creditorganiser\creditorganiser\x64\debug\creditorganiser.pch
c:\users\student\desktop\alexandrescu dragos\creditorganiser\creditorganiser\x64\debug\vc143.pdb
c:\users\student\desktop\alexandrescu dragos\creditorganiser\creditorganiser\x64\debug\pch.obj
c:\users\student\desktop\alexandrescu dragos\creditorganiser\creditorganiser\x64\debug\creditorganiser.obj
c:\users\student\desktop\alexandrescu dragos\creditorganiser\creditorganiser\x64\debug\creditcardaccount.obj
c:\users\student\desktop\alexandrescu dragos\creditorganiser\creditorganiser\x64\debug\assemblyinfo.obj
c:\users\student\desktop\alexandrescu dragos\creditorganiser\creditorganiser\x64\debug\source.obj
c:\users\student\desktop\alexandrescu dragos\creditorganiser\creditorganiser\x64\debug\.netframework,version=v4.7.2.assemblyattributes.obj
c:\users\student\desktop\alexandrescu dragos\creditorganiser\creditorganiser\x64\debug\loyaltyscheme.obj
c:\users\student\desktop\alexandrescu dragos\creditorganiser\x64\debug\creditorganiser.exe
c:\users\student\desktop\alexandrescu dragos\creditorganiser\x64\debug\creditorganiser.pdb
c:\users\student\desktop\alexandrescu dragos\creditorganiser\creditorganiser\x64\debug\app.res
c:\users\student\desktop\alexandrescu dragos\creditorganiser\creditorganiser\x64\debug\creditorganiser.tlog\cl.command.1.tlog
c:\users\student\desktop\alexandrescu dragos\creditorganiser\creditorganiser\x64\debug\creditorganiser.tlog\cl.items.tlog
c:\users\student\desktop\alexandrescu dragos\creditorganiser\creditorganiser\x64\debug\creditorganiser.tlog\cl.read.1.tlog
c:\users\student\desktop\alexandrescu dragos\creditorganiser\creditorganiser\x64\debug\creditorganiser.tlog\cl.write.1.tlog
c:\users\student\desktop\alexandrescu dragos\creditorganiser\creditorganiser\x64\debug\creditorganiser.tlog\link.command.1.tlog
c:\users\student\desktop\alexandrescu dragos\creditorganiser\creditorganiser\x64\debug\creditorganiser.tlog\link.read.1.tlog
c:\users\student\desktop\alexandrescu dragos\creditorganiser\creditorganiser\x64\debug\creditorganiser.tlog\link.write.1.tlog
c:\users\student\desktop\alexandrescu dragos\creditorganiser\creditorganiser\x64\debug\creditorganiser.tlog\metagen.read.1.tlog
c:\users\student\desktop\alexandrescu dragos\creditorganiser\creditorganiser\x64\debug\creditorganiser.tlog\metagen.write.1.tlog
c:\users\student\desktop\alexandrescu dragos\creditorganiser\creditorganiser\x64\debug\creditorganiser.tlog\rc.command.1.tlog
c:\users\student\desktop\alexandrescu dragos\creditorganiser\creditorganiser\x64\debug\creditorganiser.tlog\rc.read.1.tlog
c:\users\student\desktop\alexandrescu dragos\creditorganiser\creditorganiser\x64\debug\creditorganiser.tlog\rc.write.1.tlog
